<?xml version="1.0" encoding="UTF-8"?>
<robot generator="Robot 6.0.2 (Python 3.11.0 on win32)" generated="20241119 14:53:04.862" rpa="false" schemaversion="3">
<suite id="s1" name="Login" source="E:\erlkonig\universe-blog\src\test\java\com\fluffy\universe\robotframework\login.robot">
<test id="s1-t1" name="Login With Invalid Email Format" line="33">
<kw name="Open Browser" library="SeleniumLibrary">
<arg>${LOGIN URL}</arg>
<arg>${BROWSER}</arg>
<doc>Opens a new browser instance to the optional ``url``.</doc>
<msg timestamp="20241119 14:53:06.089" level="INFO">Opening browser 'Chrome' to base url 'http://127.0.0.1:7000/sign-in'.</msg>
<status status="PASS" starttime="20241119 14:53:06.088" endtime="20241119 14:53:09.384"/>
</kw>
<kw name="Maximize Browser Window" library="SeleniumLibrary">
<doc>Maximizes current browser window.</doc>
<status status="PASS" starttime="20241119 14:53:09.385" endtime="20241119 14:53:09.468"/>
</kw>
<kw name="Input Credentials Invalid Email">
<kw name="Input Text" library="SeleniumLibrary">
<arg>${EMAIL_INPUT}</arg>
<arg>invalid@email.ml</arg>
<doc>Types the given ``text`` into the text field identified by ``locator``.</doc>
<msg timestamp="20241119 14:53:09.471" level="INFO">Typing text 'invalid@email.ml' into text field 'xpath://*[@id="sign-in__email"]'.</msg>
<status status="PASS" starttime="20241119 14:53:09.470" endtime="20241119 14:53:10.193"/>
</kw>
<kw name="Input Text" library="SeleniumLibrary">
<arg>${PASSWORD_INPUT}</arg>
<arg>${VALID_PASS}</arg>
<doc>Types the given ``text`` into the text field identified by ``locator``.</doc>
<msg timestamp="20241119 14:53:10.195" level="INFO">Typing text 'Password1!' into text field 'xpath://*[@id="sign-in__password"]'.</msg>
<status status="PASS" starttime="20241119 14:53:10.194" endtime="20241119 14:53:10.521"/>
</kw>
<status status="PASS" starttime="20241119 14:53:09.469" endtime="20241119 14:53:10.522"/>
</kw>
<kw name="Submit Form">
<kw name="Click Element" library="SeleniumLibrary">
<arg>${SIGN_IN_BUTTON}</arg>
<doc>Click the element identified by ``locator``.</doc>
<msg timestamp="20241119 14:53:10.526" level="INFO">Clicking element 'xpath:/html/body/div[1]/main/div/form/div[5]/div/button'.</msg>
<status status="PASS" starttime="20241119 14:53:10.524" endtime="20241119 14:53:10.939"/>
</kw>
<status status="PASS" starttime="20241119 14:53:10.523" endtime="20241119 14:53:10.940"/>
</kw>
<kw name="Verify Invalid Email Error">
<kw name="Wait Until Page Contains" library="SeleniumLibrary">
<arg>${INVALID_EMAIL_ERROR}</arg>
<doc>Waits until ``text`` appears on the current page.</doc>
<status status="PASS" starttime="20241119 14:53:10.941" endtime="20241119 14:53:10.978"/>
</kw>
<status status="PASS" starttime="20241119 14:53:10.940" endtime="20241119 14:53:10.979"/>
</kw>
<kw name="Take Screenshot" library="Screenshot">
<doc>Takes a screenshot in JPEG format and embeds it into the log file.</doc>
<msg timestamp="20241119 14:53:11.187" level="INFO" html="true">&lt;a href="../src/test/resources/screenshots/screenshot_18.jpg"&gt;&lt;img src="../src/test/resources/screenshots/screenshot_18.jpg" width="800px"&gt;&lt;/a&gt;</msg>
<status status="PASS" starttime="20241119 14:53:10.979" endtime="20241119 14:53:11.187"/>
</kw>
<kw name="Close All Browsers" library="SeleniumLibrary" type="TEARDOWN">
<doc>Closes all open browsers and resets the browser cache.</doc>
<status status="PASS" starttime="20241119 14:53:11.188" endtime="20241119 14:53:21.035"/>
</kw>
<doc>Attempt login with an improperly formatted email address.</doc>
<status status="PASS" starttime="20241119 14:53:06.084" endtime="20241119 14:53:21.036"/>
</test>
<status status="PASS" starttime="20241119 14:53:04.880" endtime="20241119 14:53:21.037"/>
</suite>
<statistics>
<total>
<stat pass="1" fail="0" skip="0">All Tests</stat>
</total>
<tag>
</tag>
<suite>
<stat pass="1" fail="0" skip="0" id="s1" name="Login">Login</stat>
</suite>
</statistics>
<errors>
</errors>
</robot>
